Using pre-set license
Built from '2021.1/staging' branch; Version is '2021.1.21f1 (f2d5d3c59f8c) revision 15914451'; Using compiler version '192528614'; Build Type 'Release'
OS: 'Windows 10 Home; OS build 22621.1555; Version 2009; 64bit' Language: 'en' Physical Memory: 15610 MB
BatchMode: 1, IsHumanControllingUs: 0, StartBugReporterOnCrash: 0, Is64bit: 1, IsPro: 0

COMMAND LINE ARGUMENTS:
C:\Program Files\Unity\Hub\Editor\2021.1.21f1\Editor\Unity.exe
-adb2
-batchMode
-noUpm
-name
AssetImportWorker59
-projectPath
C:/Users/Frank/Desktop/Project 1 Unity/Tutorials/Unity - UI Toolkit
-logFile
Logs/AssetImportWorker59.log
-srvPort
50295
Successfully changed project path to: C:/Users/Frank/Desktop/Project 1 Unity/Tutorials/Unity - UI Toolkit
C:/Users/Frank/Desktop/Project 1 Unity/Tutorials/Unity - UI Toolkit
Using Asset Import Pipeline V2.
Refreshing native plugins compatible for Editor in 184.56 ms, found 3 plugins.
Preloading 0 native plugins for Editor in 0.00 ms.
Initialize engine version: 2021.1.21f1 (f2d5d3c59f8c)
[Subsystems] Discovering subsystems at path C:/Program Files/Unity/Hub/Editor/2021.1.21f1/Editor/Data/Resources/UnitySubsystems
[Subsystems] Discovering subsystems at path C:/Users/Frank/Desktop/Project 1 Unity/Tutorials/Unity - UI Toolkit/Assets
GfxDevice: creating device client; threaded=0; jobified=0
Direct3D:
    Version:  Direct3D 11.0 [level 11.1]
    Renderer: NVIDIA GeForce RTX 3060 Laptop GPU (ID=0x2520)
    Vendor:   NVIDIA
    VRAM:     6009 MB
    Driver:   31.0.15.3118
Initialize mono
Mono path[0] = 'C:/Program Files/Unity/Hub/Editor/2021.1.21f1/Editor/Data/Managed'
Mono path[1] = 'C:/Program Files/Unity/Hub/Editor/2021.1.21f1/Editor/Data/MonoBleedingEdge/lib/mono/unityjit'
Mono config path = 'C:/Program Files/Unity/Hub/Editor/2021.1.21f1/Editor/Data/MonoBleedingEdge/etc'
Using monoOptions --debugger-agent=transport=dt_socket,embedding=1,server=y,suspend=n,address=127.0.0.1:56992
Begin MonoManager ReloadAssembly
Registering precompiled unity dll's ...
Register platform support module: C:/Program Files/Unity/Hub/Editor/2021.1.21f1/Editor/Data/PlaybackEngines/WindowsStandaloneSupport/UnityEditor.WindowsStandalone.Extensions.dll
Registered in 0.001767 seconds.
Native extension for WindowsStandalone target not found
Refreshing native plugins compatible for Editor in 143.17 ms, found 3 plugins.
Preloading 0 native plugins for Editor in 0.00 ms.
Mono: successfully reloaded assembly
- Completed reload, in  1.573 seconds
Domain Reload Profiling:
	ReloadAssembly (1574ms)
		BeginReloadAssembly (63ms)
			ExecutionOrderSort (0ms)
			DisableScriptedObjects (0ms)
			BackupInstance (0ms)
			ReleaseScriptingObjects (0ms)
			CreateAndSetChildDomain (1ms)
		EndReloadAssembly (588ms)
			LoadAssemblies (60ms)
			RebuildTransferFunctionScriptingTraits (0ms)
			SetupTypeCache (185ms)
			ReleaseScriptCaches (0ms)
			RebuildScriptCaches (30ms)
			SetupLoadedEditorAssemblies (310ms)
				LogAssemblyErrors (0ms)
				InitializePlatformSupportModulesInManaged (6ms)
				SetLoadedEditorAssemblies (0ms)
				RefreshPlugins (143ms)
				BeforeProcessingInitializeOnLoad (1ms)
				ProcessInitializeOnLoadAttributes (128ms)
				ProcessInitializeOnLoadMethodAttributes (30ms)
				AfterProcessingInitializeOnLoad (0ms)
				EditorAssembliesLoaded (0ms)
			ExecutionOrderSort2 (0ms)
			AwakeInstancesAfterBackupRestoration (0ms)
Platform modules already initialized, skipping
Registering precompiled user dll's ...
Registered in 0.009930 seconds.
Begin MonoManager ReloadAssembly
Symbol file LoadedFromMemory doesn't match image C:\Users\Frank\Desktop\Project 1 Unity\Tutorials\Unity - UI Toolkit\Library\PackageCache\com.unity.visualscripting@1.6.1\Editor\VisualScripting.Core\Dependencies\DotNetZip\Unity.VisualScripting.IonicZip.dll
Symbol file LoadedFromMemory is not a mono symbol file
Symbol file LoadedFromMemory doesn't match image C:\Users\Frank\Desktop\Project 1 Unity\Tutorials\Unity - UI Toolkit\Library\PackageCache\com.unity.visualscripting@1.6.1\Editor\VisualScripting.Core\Dependencies\YamlDotNet\Unity.VisualScripting.YamlDotNet.dll
..\mono\metadata\custom-attrs.c:1273: Could not load type UnityEngine.UIElements.UIDocument, UnityEngine.UIElementsModule, Version=1.0.0.0, Culture=neutral, PublicKeyToken=null while decoding custom attribute: (null) assembly:<unknown assembly> type:UnityEngine.UIElements.UIDocument, UnityEngine.UIElementsModule, Version=1.0.0.0, Culture=neutral, PublicKeyToken=null member:(null) signature:<none>

Crash!!!
SymInit: Symbol-SearchPath: 'C:/Program Files/Unity/Hub/Editor/2021.1.21f1/Editor/Data/Mono;.;C:\Users\Frank\Desktop\Project 1 Unity\Tutorials\Unity - UI Toolkit;C:\Users\Frank\Desktop\Project 1 Unity\Tutorials\Unity - UI Toolkit\Library\BurstCache\JIT;C:\Program Files\Unity\Hub\Editor\2021.1.21f1\Editor;C:\WINDOWS;C:\WINDOWS\system32;SRV*C:\websymbols*http://msdl.microsoft.com/download/symbols;', symOptions: 534, UserName: 'Frank'
OS-Version: 10.0.0
C:\Program Files\Unity\Hub\Editor\2021.1.21f1\Editor\Unity.exe:Unity.exe (00007FF74FB50000), size: 81833984 (result: 0), SymType: '-deferred-', PDB: '', fileVersion: 2021.1.21.54739
C:\WINDOWS\SYSTEM32\ntdll.dll:ntdll.dll (00007FF957470000), size: 2179072 (result: 0), SymType: '-deferred-', PDB: '', fileVersion: 10.0.22621.1485
C:\WINDOWS\System32\KERNEL32.DLL:KERNEL32.DLL (00007FF9556B0000), size: 794624 (result: 0), SymType: '-deferred-', PDB: '', fileVersion: 10.0.22621.1485
C:\WINDOWS\System32\KERNELBASE.dll:KERNELBASE.dll (00007FF954A20000), size: 3784704 (result: 0), SymType: '-deferred-', PDB: '', fileVersion: 10.0.22621.1555
C:\WINDOWS\System32\CRYPT32.dll:CRYPT32.dll (00007FF9548B0000), size: 1466368 (result: 0), SymType: '-deferred-', PDB: '', fileVersion: 10.0.22621.674
C:\WINDOWS\System32\ucrtbase.dll:ucrtbase.dll (00007FF9550F0000), size: 1118208 (result: 0), SymType: '-deferred-', PDB: '', fileVersion: 10.0.22621.608
C:\WINDOWS\System32\USER32.dll:USER32.dll (00007FF957080000), size: 1748992 (result: 0), SymType: '-deferred-', PDB: '', fileVersion: 10.0.22621.1485
C:\WINDOWS\System32\win32u.dll:win32u.dll (00007FF954EE0000), size: 155648 (result: 0), SymType: '-deferred-', PDB: '', fileVersion: 10.0.22621.1555
C:\Program Files\Unity\Hub\Editor\2021.1.21f1\Editor\optix.6.0.0.dll:optix.6.0.0.dll (00007FF922E60000), size: 208896 (result: 0), SymType: '-deferred-', PDB: '', fileVersion: 6.0.0.0
C:\Program Files\Unity\Hub\Editor\2021.1.21f1\Editor\libfbxsdk.dll:libfbxsdk.dll (00007FF8F58D0000), size: 10215424 (result: 0), SymType: '-deferred-', PDB: '', fileVersion: 2020.2.0.0
C:\Program Files\Unity\Hub\Editor\2021.1.21f1\Editor\OpenImageDenoise.dll:OpenImageDenoise.dll (00007FF8C6B00000), size: 43806720 (result: 0), SymType: '-deferred-', PDB: ''
C:\WINDOWS\System32\GDI32.dll:GDI32.dll (00007FF955780000), size: 167936 (result: 0), SymType: '-deferred-', PDB: '', fileVersion: 10.0.22621.608
C:\WINDOWS\System32\gdi32full.dll:gdi32full.dll (00007FF954DC0000), size: 1126400 (result: 0), SymType: '-deferred-', PDB: '', fileVersion: 10.0.22621.1344
C:\WINDOWS\System32\msvcp_win.dll:msvcp_win.dll (00007FF955050000), size: 630784 (result: 0), SymType: '-deferred-', PDB: '', fileVersion: 10.0.22621.608
C:\WINDOWS\System32\ADVAPI32.dll:ADVAPI32.dll (00007FF956260000), size: 712704 (result: 0), SymType: '-deferred-', PDB: '', fileVersion: 10.0.22621.1485
C:\WINDOWS\System32\msvcrt.dll:msvcrt.dll (00007FF956500000), size: 684032 (result: 0), SymType: '-deferred-', PDB: '', fileVersion: 7.0.22621.608
C:\WINDOWS\System32\sechost.dll:sechost.dll (00007FF9558C0000), size: 671744 (result: 0), SymType: '-deferred-', PDB: '', fileVersion: 10.0.22621.1555
C:\Program Files\Unity\Hub\Editor\2021.1.21f1\Editor\umbraoptimizer64.dll:umbraoptimizer64.dll (00007FF8F5790000), size: 1306624 (result: 0), SymType: '-deferred-', PDB: ''
C:\Program Files\Unity\Hub\Editor\2021.1.21f1\Editor\etccompress.dll:etccompress.dll (00007FF8F52B0000), size: 5066752 (result: 0), SymType: '-deferred-', PDB: ''
C:\Program Files\Unity\Hub\Editor\2021.1.21f1\Editor\FreeImage.dll:FreeImage.dll (0000000180000000), size: 6582272 (result: 0), SymType: '-deferred-', PDB: '', fileVersion: 3.18.0.0
C:\WINDOWS\System32\WS2_32.dll:WS2_32.dll (00007FF955DF0000), size: 462848 (result: 0), SymType: '-deferred-', PDB: '', fileVersion: 10.0.22621.1
C:\WINDOWS\System32\RPCRT4.dll:RPCRT4.dll (00007FF9565B0000), size: 1142784 (result: 0), SymType: '-deferred-', PDB: '', fileVersion: 10.0.22621.1555
C:\Program Files\Unity\Hub\Editor\2021.1.21f1\Editor\ispc_texcomp.dll:ispc_texcomp.dll (00007FF8F5100000), size: 1744896 (result: 0), SymType: '-deferred-', PDB: ''
C:\WINDOWS\System32\WLDAP32.dll:WLDAP32.dll (00007FF955280000), size: 385024 (result: 0), SymType: '-deferred-', PDB: '', fileVersion: 10.0.22621.1194
C:\WINDOWS\System32\Normaliz.dll:Normaliz.dll (00007FF957380000), size: 32768 (result: 0), SymType: '-deferred-', PDB: '', fileVersion: 10.0.22621.1
C:\Program Files\Unity\Hub\Editor\2021.1.21f1\Editor\WinPixEventRuntime.dll:WinPixEventRuntime.dll (00007FF922E50000), size: 45056 (result: 0), SymType: '-deferred-', PDB: '', fileVersion: 1.0.1812.6001
C:\WINDOWS\System32\SHELL32.dll:SHELL32.dll (00007FF9566D0000), size: 8323072 (result: 0), SymType: '-deferred-', PDB: '', fileVersion: 10.0.22621.1485
C:\Program Files\Unity\Hub\Editor\2021.1.21f1\Editor\tbb.dll:tbb.dll (00007FF8F4590000), size: 413696 (result: 0), SymType: '-deferred-', PDB: '', fileVersion: 2017.0.2016.1004
C:\WINDOWS\System32\SHLWAPI.dll:SHLWAPI.dll (00007FF955FF0000), size: 385024 (result: 0), SymType: '-deferred-', PDB: '', fileVersion: 10.0.22621.608
C:\WINDOWS\System32\ole32.dll:ole32.dll (00007FF956310000), size: 1687552 (result: 0), SymType: '-deferred-', PDB: '', fileVersion: 10.0.22621.608
C:\WINDOWS\SYSTEM32\VCRUNTIME140.dll:VCRUNTIME140.dll (00007FF9357A0000), size: 110592 (result: 0), SymType: '-deferred-', PDB: '', fileVersion: 14.34.31938.0
C:\WINDOWS\System32\combase.dll:combase.dll (00007FF9552E0000), size: 3706880 (result: 0), SymType: '-deferred-', PDB: '', fileVersion: 10.0.22621.1485
C:\WINDOWS\SYSTEM32\MSVCP140.dll:MSVCP140.dll (00007FF9357C0000), size: 581632 (result: 0), SymType: '-deferred-', PDB: '', fileVersion: 14.34.31938.0
C:\WINDOWS\System32\IMM32.dll:IMM32.dll (00007FF9564B0000), size: 200704 (result: 0), SymType: '-deferred-', PDB: '', fileVersion: 10.0.22621.1344
C:\WINDOWS\SYSTEM32\MSVCR120.dll:MSVCR120.dll (00007FF8F43F0000), size: 978944 (result: 0), SymType: '-deferred-', PDB: '', fileVersion: 12.0.40664.0
C:\WINDOWS\System32\SETUPAPI.dll:SETUPAPI.dll (00007FF955970000), size: 4669440 (result: 0), SymType: '-deferred-', PDB: '', fileVersion: 10.0.22621.1344
C:\WINDOWS\SYSTEM32\MSVCP120.dll:MSVCP120.dll (00007FF8F44E0000), size: 679936 (result: 0), SymType: '-deferred-', PDB: '', fileVersion: 12.0.40664.0
C:\WINDOWS\SYSTEM32\OPENGL32.dll:OPENGL32.dll (00007FF8D9070000), size: 1048576 (result: 0), SymType: '-deferred-', PDB: '', fileVersion: 10.0.22621.608
C:\WINDOWS\SYSTEM32\GLU32.dll:GLU32.dll (00007FF8D83A0000), size: 184320 (result: 0), SymType: '-deferred-', PDB: '', fileVersion: 10.0.22621.608
C:\WINDOWS\System32\OLEAUT32.dll:OLEAUT32.dll (00007FF956180000), size: 880640 (result: 0), SymType: '-deferred-', PDB: '', fileVersion: 10.0.22621.608
C:\WINDOWS\SYSTEM32\VCRUNTIME140_1.dll:VCRUNTIME140_1.dll (00007FF935790000), size: 49152 (result: 0), SymType: '-deferred-', PDB: '', fileVersion: 14.34.31938.0
C:\WINDOWS\System32\WINTRUST.dll:WINTRUST.dll (00007FF955210000), size: 438272 (result: 0), SymType: '-deferred-', PDB: '', fileVersion: 10.0.22621.1485
C:\WINDOWS\SYSTEM32\IPHLPAPI.DLL:IPHLPAPI.DLL (00007FF9533D0000), size: 184320 (result: 0), SymType: '-deferred-', PDB: '', fileVersion: 10.0.22621.1
C:\WINDOWS\SYSTEM32\WINHTTP.dll:WINHTTP.dll (00007FF94EAC0000), size: 1273856 (result: 0), SymType: '-deferred-', PDB: '', fileVersion: 10.0.22621.1485
C:\WINDOWS\SYSTEM32\WINMM.dll:WINMM.dll (00007FF94D6B0000), size: 212992 (result: 0), SymType: '-deferred-', PDB: '', fileVersion: 10.0.22621.608
C:\WINDOWS\SYSTEM32\HID.DLL:HID.DLL (00007FF953190000), size: 57344 (result: 0), SymType: '-deferred-', PDB: '', fileVersion: 10.0.22621.1
C:\WINDOWS\SYSTEM32\bcrypt.dll:bcrypt.dll (00007FF9541D0000), size: 163840 (result: 0), SymType: '-deferred-', PDB: '', fileVersion: 10.0.22621.1344
C:\Program Files\Unity\Hub\Editor\2021.1.21f1\Editor\RadeonImageFilters.dll:RadeonImageFilters.dll (00007FF8F4E90000), size: 2535424 (result: 0), SymType: '-deferred-', PDB: '', fileVersion: 1.5.1.0
C:\Program Files\Unity\Hub\Editor\2021.1.21f1\Editor\SketchUpAPI.dll:SketchUpAPI.dll (00007FF8F4600000), size: 8978432 (result: 0), SymType: '-deferred-', PDB: '', fileVersion: 19.0.753.0
C:\WINDOWS\SYSTEM32\VERSION.dll:VERSION.dll (00007FF94CE40000), size: 40960 (result: 0), SymType: '-deferred-', PDB: '', fileVersion: 10.0.22621.1
C:\WINDOWS\SYSTEM32\MSWSOCK.dll:MSWSOCK.dll (00007FF953DE0000), size: 430080 (result: 0), SymType: '-deferred-', PDB: '', fileVersion: 10.0.22621.1
C:\Program Files\Unity\Hub\Editor\2021.1.21f1\Editor\SketchUpCommonPreferences.dll:SketchUpCommonPreferences.dll (00007FF922DD0000), size: 483328 (result: 0), SymType: '-deferred-', PDB: '', fileVersion: 19.0.753.20342
C:\WINDOWS\SYSTEM32\Secur32.dll:Secur32.dll (00007FF92D310000), size: 49152 (result: 0), SymType: '-deferred-', PDB: '', fileVersion: 10.0.22621.1
C:\WINDOWS\SYSTEM32\dxcore.dll:dxcore.dll (00007FF951C90000), size: 221184 (result: 0), SymType: '-deferred-', PDB: '', fileVersion: 10.0.22621.608
C:\WINDOWS\SYSTEM32\SSPICLI.DLL:SSPICLI.DLL (00007FF953B50000), size: 270336 (result: 0), SymType: '-deferred-', PDB: '', fileVersion: 10.0.22621.1485
C:\Program Files\Unity\Hub\Editor\2021.1.21f1\Editor\OpenRL.dll:OpenRL.dll (0000019DDE4C0000), size: 12779520 (result: 0), SymType: '-deferred-', PDB: '', fileVersion: 1.5.0.2907
C:\WINDOWS\SYSTEM32\MSVCP100.dll:MSVCP100.dll (000000006A550000), size: 622592 (result: 0), SymType: '-deferred-', PDB: '', fileVersion: 10.0.40219.325
C:\Program Files\Unity\Hub\Editor\2021.1.21f1\Editor\embree.dll:embree.dll (00007FF8C5B10000), size: 16711680 (result: 0), SymType: '-deferred-', PDB: '', fileVersion: 2.14.0.0
C:\WINDOWS\SYSTEM32\MSVCR100.dll:MSVCR100.dll (000000006A470000), size: 860160 (result: 0), SymType: '-deferred-', PDB: '', fileVersion: 10.0.40219.325
C:\WINDOWS\SYSTEM32\cfgmgr32.DLL:cfgmgr32.DLL (00007FF954500000), size: 319488 (result: 0), SymType: '-deferred-', PDB: '', fileVersion: 10.0.22621.1344
C:\Program Files\Unity\Hub\Editor\2021.1.21f1\Editor\OpenRL_pthread.dll:OpenRL_pthread.dll (0000019DDF110000), size: 61440 (result: 0), SymType: '-deferred-', PDB: '', fileVersion: 2.9.0.0
C:\WINDOWS\SYSTEM32\MSASN1.dll:MSASN1.dll (00007FF9545B0000), size: 73728 (result: 0), SymType: '-deferred-', PDB: '', fileVersion: 10.0.22621.819
C:\WINDOWS\SYSTEM32\kernel.appcore.dll:kernel.appcore.dll (00007FF953900000), size: 98304 (result: 0), SymType: '-deferred-', PDB: '', fileVersion: 10.0.22621.1
C:\WINDOWS\System32\bcryptPrimitives.dll:bcryptPrimitives.dll (00007FF954F10000), size: 503808 (result: 0), SymType: '-deferred-', PDB: '', fileVersion: 10.0.22621.1344
C:\WINDOWS\system32\uxtheme.dll:uxtheme.dll (00007FF951B50000), size: 700416 (result: 0), SymType: '-deferred-', PDB: '', fileVersion: 10.0.22621.608
C:\WINDOWS\System32\shcore.dll:shcore.dll (00007FF957280000), size: 987136 (result: 0), SymType: '-deferred-', PDB: '', fileVersion: 10.0.22621.900
C:\WINDOWS\SYSTEM32\windows.storage.dll:windows.storage.dll (00007FF9528C0000), size: 9228288 (result: 0), SymType: '-deferred-', PDB: '', fileVersion: 10.0.22621.1485
C:\WINDOWS\SYSTEM32\wintypes.dll:wintypes.dll (00007FF952780000), size: 1302528 (result: 0), SymType: '-deferred-', PDB: '', fileVersion: 10.0.22621.1485
C:\WINDOWS\SYSTEM32\profapi.dll:profapi.dll (00007FF9547E0000), size: 135168 (result: 0), SymType: '-deferred-', PDB: '', fileVersion: 10.0.22621.1
C:\WINDOWS\System32\clbcatq.dll:clbcatq.dll (00007FF955810000), size: 720896 (result: 0), SymType: '-deferred-', PDB: '', fileVersion: 2001.12.10941.16384
C:\WINDOWS\System32\netprofm.dll:netprofm.dll (00007FF94E9C0000), size: 487424 (result: 0), SymType: '-deferred-', PDB: '', fileVersion: 10.0.22621.1
C:\WINDOWS\System32\npmproxy.dll:npmproxy.dll (00007FF94D140000), size: 98304 (result: 0), SymType: '-deferred-', PDB: '', fileVersion: 10.0.22621.1
C:\WINDOWS\System32\NSI.dll:NSI.dll (00007FF956170000), size: 36864 (result: 0), SymType: '-deferred-', PDB: '', fileVersion: 10.0.22621.1
C:\WINDOWS\SYSTEM32\dhcpcsvc6.DLL:dhcpcsvc6.DLL (00007FF94D690000), size: 102400 (result: 0), SymType: '-deferred-', PDB: '', fileVersion: 10.0.22621.1344
C:\WINDOWS\SYSTEM32\dhcpcsvc.DLL:dhcpcsvc.DLL (00007FF94D670000), size: 126976 (result: 0), SymType: '-deferred-', PDB: '', fileVersion: 10.0.22621.1344
C:\WINDOWS\SYSTEM32\DNSAPI.dll:DNSAPI.dll (00007FF953400000), size: 995328 (result: 0), SymType: '-deferred-', PDB: '', fileVersion: 10.0.22621.1485
C:\Program Files\Bonjour\mdnsNSP.dll:mdnsNSP.dll (000000006A900000), size: 155648 (result: 0), SymType: '-deferred-', PDB: '', fileVersion: 3.0.0.10
C:\WINDOWS\System32\fwpuclnt.dll:fwpuclnt.dll (00007FF94D210000), size: 536576 (result: 0), SymType: '-deferred-', PDB: '', fileVersion: 10.0.22621.1105
C:\Windows\System32\rasadhlp.dll:rasadhlp.dll (00007FF94D900000), size: 40960 (result: 0), SymType: '-deferred-', PDB: '', fileVersion: 10.0.22621.1
C:\Program Files\Unity\Hub\Editor\2021.1.21f1\Editor\Data\Tools\astcenc-avx2.dll:astcenc-avx2.dll (00007FF8F4360000), size: 552960 (result: 0), SymType: '-deferred-', PDB: ''
C:\WINDOWS\SYSTEM32\d3d11.dll:d3d11.dll (00007FF950D00000), size: 2453504 (result: 0), SymType: '-deferred-', PDB: '', fileVersion: 10.0.22621.1344
C:\WINDOWS\SYSTEM32\dxgi.dll:dxgi.dll (00007FF951CF0000), size: 1007616 (result: 0), SymType: '-deferred-', PDB: '', fileVersion: 10.0.22621.1485
C:\WINDOWS\SYSTEM32\directxdatabasehelper.dll:directxdatabasehelper.dll (00007FF94E900000), size: 294912 (result: 0), SymType: '-deferred-', PDB: '', fileVersion: 10.0.22621.1485
C:\WINDOWS\System32\DriverStore\FileRepository\nvami.inf_amd64_31d22b1b18d1e932\nvldumdx.dll:nvldumdx.dll (00007FF9492D0000), size: 774144 (result: 0), SymType: '-deferred-', PDB: '', fileVersion: 31.0.15.3118
C:\WINDOWS\SYSTEM32\cryptnet.dll:cryptnet.dll (00007FF94CE00000), size: 204800 (result: 0), SymType: '-deferred-', PDB: '', fileVersion: 10.0.22621.1
C:\WINDOWS\SYSTEM32\drvstore.dll:drvstore.dll (00007FF94B3F0000), size: 1409024 (result: 0), SymType: '-deferred-', PDB: '', fileVersion: 10.0.22621.1
C:\WINDOWS\SYSTEM32\devobj.dll:devobj.dll (00007FF954550000), size: 180224 (result: 0), SymType: '-deferred-', PDB: '', fileVersion: 10.0.22621.1344
C:\WINDOWS\SYSTEM32\wldp.dll:wldp.dll (00007FF9540E0000), size: 294912 (result: 0), SymType: '-deferred-', PDB: '', fileVersion: 10.0.22621.1485
C:\WINDOWS\SYSTEM32\cryptbase.dll:cryptbase.dll (00007FF9542F0000), size: 49152 (result: 0), SymType: '-deferred-', PDB: '', fileVersion: 10.0.22621.1
C:\WINDOWS\System32\imagehlp.dll:imagehlp.dll (00007FF955690000), size: 126976 (result: 0), SymType: '-deferred-', PDB: '', fileVersion: 10.0.22621.1
C:\WINDOWS\SYSTEM32\CRYPTSP.dll:CRYPTSP.dll (00007FF954040000), size: 110592 (result: 0), SymType: '-deferred-', PDB: '', fileVersion: 10.0.22621.1
C:\WINDOWS\system32\rsaenh.dll:rsaenh.dll (00007FF953870000), size: 217088 (result: 0), SymType: '-deferred-', PDB: '', fileVersion: 10.0.22621.1
C:\WINDOWS\System32\DriverStore\FileRepository\nvami.inf_amd64_31d22b1b18d1e932\nvwgf2umx.dll:nvwgf2umx.dll (00007FF93D8F0000), size: 88604672 (result: 0), SymType: '-deferred-', PDB: '', fileVersion: 31.0.15.3118
C:\WINDOWS\system32\nvspcap64.dll:nvspcap64.dll (00007FF925880000), size: 2953216 (result: 0), SymType: '-deferred-', PDB: '', fileVersion: 3.27.0.112
C:\WINDOWS\SYSTEM32\ntmarta.dll:ntmarta.dll (00007FF953920000), size: 212992 (result: 0), SymType: '-deferred-', PDB: '', fileVersion: 10.0.22621.1
C:\WINDOWS\System32\DriverStore\FileRepository\nvami.inf_amd64_31d22b1b18d1e932\Display.NvContainer\MessageBus.dll:MessageBus.dll (00007FF945CE0000), size: 7565312 (result: 0), SymType: '-deferred-', PDB: '', fileVersion: 1.22.2758.1620
C:\WINDOWS\system32\wbem\wbemprox.dll:wbemprox.dll (00007FF94CDD0000), size: 65536 (result: 0), SymType: '-deferred-', PDB: '', fileVersion: 10.0.22621.1
C:\WINDOWS\SYSTEM32\wbemcomn.dll:wbemcomn.dll (00007FF942D70000), size: 524288 (result: 0), SymType: '-deferred-', PDB: '', fileVersion: 10.0.22621.1
C:\WINDOWS\system32\wbem\wbemsvc.dll:wbemsvc.dll (00007FF948880000), size: 81920 (result: 0), SymType: '-deferred-', PDB: '', fileVersion: 10.0.22621.1
C:\WINDOWS\system32\wbem\fastprox.dll:fastprox.dll (00007FF9488F0000), size: 1015808 (result: 0), SymType: '-deferred-', PDB: '', fileVersion: 10.0.22621.608
C:\WINDOWS\SYSTEM32\amsi.dll:amsi.dll (00007FF92B780000), size: 118784 (result: 0), SymType: '-deferred-', PDB: '', fileVersion: 10.0.22621.1
C:\WINDOWS\SYSTEM32\USERENV.dll:USERENV.dll (00007FF953EE0000), size: 163840 (result: 0), SymType: '-deferred-', PDB: '', fileVersion: 10.0.22621.1
C:\ProgramData\Microsoft\Windows Defender\Platform\4.18.2304.8-0\MpOav.dll:MpOav.dll (00007FF92B670000), size: 503808 (result: 0), SymType: '-deferred-', PDB: '', fileVersion: 4.18.2304.8
C:\Program Files\Unity\Hub\Editor\2021.1.21f1\Editor\cudart64_90.dll:cudart64_90.dll (00007FF93A3E0000), size: 397312 (result: 0), SymType: '-deferred-', PDB: '', fileVersion: 6.14.11.9000
C:\WINDOWS\SYSTEM32\opencl.dll:opencl.dll (00007FF8E4470000), size: 1490944 (result: 0), SymType: '-deferred-', PDB: '', fileVersion: 3.0.3.0
C:\Program Files\Unity\Hub\Editor\2021.1.21f1\Editor\radeonrays.dll:radeonrays.dll (00007FF8F4060000), size: 552960 (result: 0), SymType: '-deferred-', PDB: ''
C:\Program Files\Unity\Hub\Editor\2021.1.21f1\Editor\Data\MonoBleedingEdge\EmbedRuntime\mono-2.0-bdwgc.dll:mono-2.0-bdwgc.dll (00007FF8F38F0000), size: 7790592 (result: 0), SymType: '-deferred-', PDB: ''
C:\WINDOWS\System32\PSAPI.DLL:PSAPI.DLL (00007FF957390000), size: 32768 (result: 0), SymType: '-deferred-', PDB: '', fileVersion: 10.0.22621.1
C:\WINDOWS\SYSTEM32\dbghelp.dll:dbghelp.dll (00007FF952350000), size: 2285568 (result: 0), SymType: '-deferred-', PDB: '', fileVersion: 10.0.22621.1

========== OUTPUTTING STACK TRACE ==================

0x00007FF954AAFDEC (KERNELBASE) RaiseException
0x00007FF8F3906025 (mono-2.0-bdwgc) [c:\build\output\unity-technologies\mono\mono\utils\mono-log-common.c:142] mono_log_write_logfile 
0x00007FF8F38F4D41 (mono-2.0-bdwgc) [c:\build\output\unity-technologies\mono\mono\eglib\goutput.c:131] monoeg_g_log 
0x00007FF8F390A28A (mono-2.0-bdwgc) [c:\build\output\unity-technologies\mono\mono\utils\mono-error.c:178] mono_error_assert_ok_pos 
0x00007FF8F3A003BA (mono-2.0-bdwgc) [c:\build\output\unity-technologies\mono\mono\metadata\custom-attrs.c:1275] mono_custom_attrs_construct 
0x00007FF750950675 (Unity) scripting_custom_attrs_construct
0x00007FF75092F316 (Unity) AttributeCollectionInfo::AllocAttributesArrayIfNeeded
0x00007FF750934C48 (Unity) ManagedAttributeManager::GetRequiredComponents
0x00007FF750927548 (Unity) MonoManager::SetupTypeCache
0x00007FF75091E0FD (Unity) MonoManager::EndReloadAssembly
0x00007FF7509252CE (Unity) MonoManager::ReloadAssembly
0x00007FF7510C9632 (Unity) LoadDomainAndUserAssemblies
0x00007FF7510C99EC (Unity) LoadUserAssemblies
0x00007FF750DFF422 (Unity) Application::InitializeProject
0x00007FF751211A07 (Unity) WinMain
0x00007FF752D7A222 (Unity) __scrt_common_main_seh
0x00007FF9556C269D (KERNEL32) BaseThreadInitThunk
0x00007FF9574CA9F8 (ntdll) RtlUserThreadStart

========== END OF STACKTRACE ===========

A crash has been intercepted by the crash handler. For call stack and other details, see the latest crash report generated in:
 * C:/Users/Frank/AppData/Local/Temp/Unity/Editor/Crashes
